
Processing ee_Top_2dhalf_fakerate.cpp...
nbinx = 30
i = 1
j = 1
bnTrk_Content = 0
i = 1
j = 2
bnTrk_Content = 0
i = 1
j = 3
bnTrk_Content = 0
i = 1
j = 4
bnTrk_Content = 0
i = 1
j = 5
bnTrk_Content = 0
i = 1
j = 6
bnTrk_Content = 0
i = 1
j = 7
bnTrk_Content = 0
i = 1
j = 8
bnTrk_Content = 0
i = 1
j = 9
bnTrk_Content = 0
i = 1
j = 10
bnTrk_Content = 0
i = 1
j = 11
bnTrk_Content = 0
i = 1
j = 12
bnTrk_Content = 0
i = 1
j = 13
bnTrk_Content = 0
i = 1
j = 14
bnTrk_Content = 0
i = 1
j = 15
bnTrk_Content = 0
i = 1
j = 16
bnTrk_Content = 0
i = 1
j = 17
bnTrk_Content = 0
i = 1
j = 18
bnTrk_Content = 0
i = 1
j = 19
bnTrk_Content = 0
i = 1
j = 20
bnTrk_Content = 0
i = 1
j = 21
bnTrk_Content = 0
i = 1
j = 22
bnTrk_Content = 0
i = 1
j = 23
bnTrk_Content = 0
i = 1
j = 24
bnTrk_Content = 0
i = 1
j = 25
bnTrk_Content = 0
i = 1
j = 26
bnTrk_Content = 0
i = 1
j = 27
bnTrk_Content = 0
i = 1
j = 28
bnTrk_Content = 0
i = 1
j = 29
bnTrk_Content = 0
i = 1
j = 30
bnTrk_Content = 0
i = 2
j = 1
bnTrk_Content = 0
i = 2
j = 2
bnTrk_Content = 0
i = 2
j = 3
bnTrk_Content = 0.729742
i = 2
j = 4
bnTrk_Content = 0.150725
i = 2
j = 5
bnTrk_Content = 0
i = 2
j = 6
bnTrk_Content = 0.163098
i = 2
j = 7
bnTrk_Content = 0.160299
i = 2
j = 8
bnTrk_Content = 0.243247
i = 2
j = 9
bnTrk_Content = 0.251472
i = 2
j = 10
bnTrk_Content = 0.165897
i = 2
j = 11
bnTrk_Content = 0.480897
i = 2
j = 12
bnTrk_Content = 0.0773509
i = 2
j = 13
bnTrk_Content = 0.326024
i = 2
j = 14
bnTrk_Content = 0.168524
i = 2
j = 15
bnTrk_Content = 0.234851
i = 2
j = 16
bnTrk_Content = 0.397949
i = 2
j = 17
bnTrk_Content = 0.243247
i = 2
j = 18
bnTrk_Content = 0.0801496
i = 2
j = 19
bnTrk_Content = 0.163098
i = 2
j = 20
bnTrk_Content = 0.163098
i = 2
j = 21
bnTrk_Content = 0.234851
i = 2
j = 22
bnTrk_Content = 0.240449
i = 2
j = 23
bnTrk_Content = 0.160299
i = 2
j = 24
bnTrk_Content = 0.0829483
i = 2
j = 25
bnTrk_Content = 0.160299
i = 2
j = 26
bnTrk_Content = 0.0773509
i = 2
j = 27
bnTrk_Content = 0.0677771
i = 2
j = 28
bnTrk_Content = 0.486495
i = 2
j = 29
bnTrk_Content = 0
i = 2
j = 30
bnTrk_Content = 0
i = 3
j = 1
bnTrk_Content = 0
i = 3
j = 2
bnTrk_Content = 0
i = 3
j = 3
bnTrk_Content = 0.486495
i = 3
j = 4
bnTrk_Content = 0.660788
i = 3
j = 5
bnTrk_Content = 0.0801496
i = 3
j = 6
bnTrk_Content = 0.0801496
i = 3
j = 7
bnTrk_Content = 0.403547
i = 3
j = 8
bnTrk_Content = 0.561047
i = 3
j = 9
bnTrk_Content = 1.12209
i = 3
j = 10
bnTrk_Content = 0.961624
i = 3
j = 11
bnTrk_Content = 0.641025
i = 3
j = 12
bnTrk_Content = 0.340189
i = 3
j = 13
bnTrk_Content = 0.809892
i = 3
j = 14
bnTrk_Content = 0.4116
i = 3
j = 15
bnTrk_Content = 0.411771
i = 3
j = 16
bnTrk_Content = 1.82135
i = 3
j = 17
bnTrk_Content = 0.165897
i = 3
j = 18
bnTrk_Content = 1.13049
i = 3
j = 19
bnTrk_Content = 0.497518
i = 3
j = 20
bnTrk_Content = 0.552822
i = 3
j = 21
bnTrk_Content = 0.652391
i = 3
j = 22
bnTrk_Content = 0.899786
i = 3
j = 23
bnTrk_Content = 0.411943
i = 3
j = 24
bnTrk_Content = 0.397949
i = 3
j = 25
bnTrk_Content = 0.168695
i = 3
j = 26
bnTrk_Content = 0.411943
i = 3
j = 27
bnTrk_Content = 0.478099
i = 3
j = 28
bnTrk_Content = 0.812691
i = 3
j = 29
bnTrk_Content = 0
i = 3
j = 30
bnTrk_Content = 0
i = 4
j = 1
bnTrk_Content = 0
i = 4
j = 2
bnTrk_Content = 0
i = 4
j = 3
bnTrk_Content = 0.483696
i = 4
j = 4
bnTrk_Content = 0.903692
i = 4
j = 5
bnTrk_Content = 0.892669
i = 4
j = 6
bnTrk_Content = 0.901065
i = 4
j = 7
bnTrk_Content = 0.981043
i = 4
j = 8
bnTrk_Content = 0.898438
i = 4
j = 9
bnTrk_Content = 2.07282
i = 4
j = 10
bnTrk_Content = 1.64777
i = 4
j = 11
bnTrk_Content = 1.6706
i = 4
j = 12
bnTrk_Content = 0.898438
i = 4
j = 13
bnTrk_Content = 1.85167
i = 4
j = 14
bnTrk_Content = 1.16653
i = 4
j = 15
bnTrk_Content = 1.21869
i = 4
j = 16
bnTrk_Content = 1.20767
i = 4
j = 17
bnTrk_Content = 1.77449
i = 4
j = 18
bnTrk_Content = 1.04474
i = 4
j = 19
bnTrk_Content = 1.29901
i = 4
j = 20
bnTrk_Content = 1.04212
i = 4
j = 21
bnTrk_Content = 1.29096
i = 4
j = 22
bnTrk_Content = 1.63064
i = 4
j = 23
bnTrk_Content = 1.72103
i = 4
j = 24
bnTrk_Content = 0.414741
i = 4
j = 25
bnTrk_Content = 0.8869
i = 4
j = 26
bnTrk_Content = 0.649593
i = 4
j = 27
bnTrk_Content = 0.503287
i = 4
j = 28
bnTrk_Content = 0.342645
i = 4
j = 29
bnTrk_Content = 0
i = 4
j = 30
bnTrk_Content = 0
i = 5
j = 1
bnTrk_Content = 0
i = 5
j = 2
bnTrk_Content = 0
i = 5
j = 3
bnTrk_Content = 0.572071
i = 5
j = 4
bnTrk_Content = 0.732541
i = 5
j = 5
bnTrk_Content = 1.53404
i = 5
j = 6
bnTrk_Content = 1.54192
i = 5
j = 7
bnTrk_Content = 2.12107
i = 5
j = 8
bnTrk_Content = 0.809721
i = 5
j = 9
bnTrk_Content = 2.18049
i = 5
j = 10
bnTrk_Content = 1.61402
i = 5
j = 11
bnTrk_Content = 2.0179
i = 5
j = 12
bnTrk_Content = 1.96243
i = 5
j = 13
bnTrk_Content = 1.37671
i = 5
j = 14
bnTrk_Content = 1.51428
i = 5
j = 15
bnTrk_Content = 2.17786
i = 5
j = 16
bnTrk_Content = 2.27497
i = 5
j = 17
bnTrk_Content = 2.34901
i = 5
j = 18
bnTrk_Content = 3.19613
i = 5
j = 19
bnTrk_Content = 1.95106
i = 5
j = 20
bnTrk_Content = 2.31921
i = 5
j = 21
bnTrk_Content = 1.94267
i = 5
j = 22
bnTrk_Content = 2.15314
i = 5
j = 23
bnTrk_Content = 1.77449
i = 5
j = 24
bnTrk_Content = 1.13872
i = 5
j = 25
bnTrk_Content = 1.14414
i = 5
j = 26
bnTrk_Content = 1.19414
i = 5
j = 27
bnTrk_Content = 0.726944
i = 5
j = 28
bnTrk_Content = 0.326196
i = 5
j = 29
bnTrk_Content = 0
i = 5
j = 30
bnTrk_Content = 0
i = 6
j = 1
bnTrk_Content = 0
i = 6
j = 2
bnTrk_Content = 0
i = 6
j = 3
bnTrk_Content = 0.320598
i = 6
j = 4
bnTrk_Content = 1.13066
i = 6
j = 5
bnTrk_Content = 0.823885
i = 6
j = 6
bnTrk_Content = 1.73577
i = 6
j = 7
bnTrk_Content = 1.14694
i = 6
j = 8
bnTrk_Content = 3.13277
i = 6
j = 9
bnTrk_Content = 2.18363
i = 6
j = 10
bnTrk_Content = 2.13689
i = 6
j = 11
bnTrk_Content = 1.77991
i = 6
j = 12
bnTrk_Content = 2.35232
i = 6
j = 13
bnTrk_Content = 2.33094
i = 6
j = 14
bnTrk_Content = 1.62521
i = 6
j = 15
bnTrk_Content = 2.13932
i = 6
j = 16
bnTrk_Content = 1.53006
i = 6
j = 17
bnTrk_Content = 2.34393
i = 6
j = 18
bnTrk_Content = 1.93758
i = 6
j = 19
bnTrk_Content = 2.29159
i = 6
j = 20
bnTrk_Content = 2.45571
i = 6
j = 21
bnTrk_Content = 2.60939
i = 6
j = 22
bnTrk_Content = 1.77677
i = 6
j = 23
bnTrk_Content = 1.46508
i = 6
j = 24
bnTrk_Content = 1.54226
i = 6
j = 25
bnTrk_Content = 1.55888
i = 6
j = 26
bnTrk_Content = 1.05594
i = 6
j = 27
bnTrk_Content = 1.23006
i = 6
j = 28
bnTrk_Content = 0.243076
i = 6
j = 29
bnTrk_Content = 0
i = 6
j = 30
bnTrk_Content = 0
i = 7
j = 1
bnTrk_Content = 0
i = 7
j = 2
bnTrk_Content = 0
i = 7
j = 3
bnTrk_Content = 0.160299
i = 7
j = 4
bnTrk_Content = 0.4753
i = 7
j = 5
bnTrk_Content = 0.818288
i = 7
j = 6
bnTrk_Content = 0.989611
i = 7
j = 7
bnTrk_Content = 0.95357
i = 7
j = 8
bnTrk_Content = 1.77431
i = 7
j = 9
bnTrk_Content = 2.16993
i = 7
j = 10
bnTrk_Content = 1.86431
i = 7
j = 11
bnTrk_Content = 1.78848
i = 7
j = 12
bnTrk_Content = 2.52415
i = 7
j = 13
bnTrk_Content = 2.10068
i = 7
j = 14
bnTrk_Content = 2.316
i = 7
j = 15
bnTrk_Content = 2.25258
i = 7
j = 16
bnTrk_Content = 1.67346
i = 7
j = 17
bnTrk_Content = 2.13722
i = 7
j = 18
bnTrk_Content = 2.14754
i = 7
j = 19
bnTrk_Content = 2.96223
i = 7
j = 20
bnTrk_Content = 2.81079
i = 7
j = 21
bnTrk_Content = 2.01196
i = 7
j = 22
bnTrk_Content = 2.34405
i = 7
j = 23
bnTrk_Content = 1.62801
i = 7
j = 24
bnTrk_Content = 1.13329
i = 7
j = 25
bnTrk_Content = 1.63064
i = 7
j = 26
bnTrk_Content = 1.02019
i = 7
j = 27
bnTrk_Content = 0.243247
i = 7
j = 28
bnTrk_Content = 0.248674
i = 7
j = 29
bnTrk_Content = 0
i = 7
j = 30
bnTrk_Content = 0
i = 8
j = 1
bnTrk_Content = 0
i = 8
j = 2
bnTrk_Content = 0
i = 8
j = 3
bnTrk_Content = 0.160299
i = 8
j = 4
bnTrk_Content = 0.248845
i = 8
j = 5
bnTrk_Content = 0.657818
i = 8
j = 6
bnTrk_Content = 0.798697
i = 8
j = 7
bnTrk_Content = 0.566816
i = 8
j = 8
bnTrk_Content = 1.50739
i = 8
j = 9
bnTrk_Content = 1.34133
i = 8
j = 10
bnTrk_Content = 1.70239
i = 8
j = 11
bnTrk_Content = 1.37357
i = 8
j = 12
bnTrk_Content = 1.7001
i = 8
j = 13
bnTrk_Content = 1.44566
i = 8
j = 14
bnTrk_Content = 1.86006
i = 8
j = 15
bnTrk_Content = 1.43301
i = 8
j = 16
bnTrk_Content = 1.81575
i = 8
j = 17
bnTrk_Content = 1.70519
i = 8
j = 18
bnTrk_Content = 1.14745
i = 8
j = 19
bnTrk_Content = 2.07579
i = 8
j = 20
bnTrk_Content = 2.20339
i = 8
j = 21
bnTrk_Content = 1.78945
i = 8
j = 22
bnTrk_Content = 1.21064
i = 8
j = 23
bnTrk_Content = 1.45948
i = 8
j = 24
bnTrk_Content = 0.898438
i = 8
j = 25
bnTrk_Content = 1.21064
i = 8
j = 26
bnTrk_Content = 0.978587
i = 8
j = 27
bnTrk_Content = 0.478099
i = 8
j = 28
bnTrk_Content = 0.323397
i = 8
j = 29
bnTrk_Content = 0
i = 8
j = 30
bnTrk_Content = 0
i = 9
j = 1
bnTrk_Content = 0
i = 9
j = 2
bnTrk_Content = 0
i = 9
j = 3
bnTrk_Content = 0.0829483
i = 9
j = 4
bnTrk_Content = 0.563674
i = 9
j = 5
bnTrk_Content = 0.488951
i = 9
j = 6
bnTrk_Content = 1.1165
i = 9
j = 7
bnTrk_Content = 1.22429
i = 9
j = 8
bnTrk_Content = 0.887243
i = 9
j = 9
bnTrk_Content = 0.89284
i = 9
j = 10
bnTrk_Content = 0.956369
i = 9
j = 11
bnTrk_Content = 0.970362
i = 9
j = 12
bnTrk_Content = 1.28816
i = 9
j = 13
bnTrk_Content = 1.84512
i = 9
j = 14
bnTrk_Content = 0.879018
i = 9
j = 15
bnTrk_Content = 1.04474
i = 9
j = 16
bnTrk_Content = 1.59
i = 9
j = 17
bnTrk_Content = 1.44711
i = 9
j = 18
bnTrk_Content = 1.21589
i = 9
j = 19
bnTrk_Content = 0.967564
i = 9
j = 20
bnTrk_Content = 1.54226
i = 9
j = 21
bnTrk_Content = 1.04754
i = 9
j = 22
bnTrk_Content = 0.561218
i = 9
j = 23
bnTrk_Content = 1.63343
i = 9
j = 24
bnTrk_Content = 0.969849
i = 9
j = 25
bnTrk_Content = 0.826342
i = 9
j = 26
bnTrk_Content = 0.171494
i = 9
j = 27
bnTrk_Content = 0.41457
i = 9
j = 28
bnTrk_Content = 0.085747
i = 9
j = 29
bnTrk_Content = 0
i = 9
j = 30
bnTrk_Content = 0
i = 10
j = 1
bnTrk_Content = 0
i = 10
j = 2
bnTrk_Content = 0
i = 10
j = 3
bnTrk_Content = 0.147927
i = 10
j = 4
bnTrk_Content = 0.085747
i = 10
j = 5
bnTrk_Content = 0.320598
i = 10
j = 6
bnTrk_Content = 0.772225
i = 10
j = 7
bnTrk_Content = 0.572242
i = 10
j = 8
bnTrk_Content = 0.649593
i = 10
j = 9
bnTrk_Content = 0.970191
i = 10
j = 10
bnTrk_Content = 0.49472
i = 10
j = 11
bnTrk_Content = 0.884444
i = 10
j = 12
bnTrk_Content = 0.743565
i = 10
j = 13
bnTrk_Content = 0.798697
i = 10
j = 14
bnTrk_Content = 0.657818
i = 10
j = 15
bnTrk_Content = 0.569443
i = 10
j = 16
bnTrk_Content = 0.638227
i = 10
j = 17
bnTrk_Content = 0.643995
i = 10
j = 18
bnTrk_Content = 0.815489
i = 10
j = 19
bnTrk_Content = 0.643995
i = 10
j = 20
bnTrk_Content = 1.00428
i = 10
j = 21
bnTrk_Content = 0.807264
i = 10
j = 22
bnTrk_Content = 0.160299
i = 10
j = 23
bnTrk_Content = 0.73534
i = 10
j = 24
bnTrk_Content = 0.900894
i = 10
j = 25
bnTrk_Content = 0.483696
i = 10
j = 26
bnTrk_Content = 0.323397
i = 10
j = 27
bnTrk_Content = 0.323397
i = 10
j = 28
bnTrk_Content = 0.0801496
i = 10
j = 29
bnTrk_Content = 0
i = 10
j = 30
bnTrk_Content = 0
i = 11
j = 1
bnTrk_Content = 0
i = 11
j = 2
bnTrk_Content = 0
i = 11
j = 3
bnTrk_Content = 0.0027987
i = 11
j = 4
bnTrk_Content = 0
i = 11
j = 5
bnTrk_Content = 0.168524
i = 11
j = 6
bnTrk_Content = 0.331793
i = 11
j = 7
bnTrk_Content = 0.809892
i = 11
j = 8
bnTrk_Content = 0.489122
i = 11
j = 9
bnTrk_Content = 0.23765
i = 11
j = 10
bnTrk_Content = 0.240449
i = 11
j = 11
bnTrk_Content = 0.641197
i = 11
j = 12
bnTrk_Content = 0.611754
i = 11
j = 13
bnTrk_Content = 0.403547
i = 11
j = 14
bnTrk_Content = 0.657818
i = 11
j = 15
bnTrk_Content = 0.480897
i = 11
j = 16
bnTrk_Content = 0.317971
i = 11
j = 17
bnTrk_Content = 0.486495
i = 11
j = 18
bnTrk_Content = 0.232224
i = 11
j = 19
bnTrk_Content = 0.331622
i = 11
j = 20
bnTrk_Content = 0.328994
i = 11
j = 21
bnTrk_Content = 0.243419
i = 11
j = 22
bnTrk_Content = 0.483696
i = 11
j = 23
bnTrk_Content = 0.400577
i = 11
j = 24
bnTrk_Content = 0.970191
i = 11
j = 25
bnTrk_Content = 0.248845
i = 11
j = 26
bnTrk_Content = 0.397949
i = 11
j = 27
bnTrk_Content = 0.168695
i = 11
j = 28
bnTrk_Content = 0
i = 11
j = 29
bnTrk_Content = 0
i = 11
j = 30
bnTrk_Content = 0
i = 12
j = 1
bnTrk_Content = 0
i = 12
j = 2
bnTrk_Content = 0
i = 12
j = 3
bnTrk_Content = 0
i = 12
j = 4
bnTrk_Content = 0.0801496
i = 12
j = 5
bnTrk_Content = 0.0773509
i = 12
j = 6
bnTrk_Content = 0.163098
i = 12
j = 7
bnTrk_Content = 0.246046
i = 12
j = 8
bnTrk_Content = 0.323226
i = 12
j = 9
bnTrk_Content = 0.0801496
i = 12
j = 10
bnTrk_Content = 0.160299
i = 12
j = 11
bnTrk_Content = 0.478099
i = 12
j = 12
bnTrk_Content = 0.0885457
i = 12
j = 13
bnTrk_Content = 0.246046
i = 12
j = 14
bnTrk_Content = 0.251472
i = 12
j = 15
bnTrk_Content = 0
i = 12
j = 16
bnTrk_Content = 0.165897
i = 12
j = 17
bnTrk_Content = 0.0027987
i = 12
j = 18
bnTrk_Content = 0.408973
i = 12
j = 19
bnTrk_Content = 0.328652
i = 12
j = 20
bnTrk_Content = 0.0801496
i = 12
j = 21
bnTrk_Content = 0.0027987
i = 12
j = 22
bnTrk_Content = 0.00542617
i = 12
j = 23
bnTrk_Content = 0
i = 12
j = 24
bnTrk_Content = 0.328823
i = 12
j = 25
bnTrk_Content = 0.0801496
i = 12
j = 26
bnTrk_Content = 0.085747
i = 12
j = 27
bnTrk_Content = 0.0829483
i = 12
j = 28
bnTrk_Content = 0.0801496
i = 12
j = 29
bnTrk_Content = 0
i = 12
j = 30
bnTrk_Content = 0
i = 13
j = 1
bnTrk_Content = 0
i = 13
j = 2
bnTrk_Content = 0
i = 13
j = 3
bnTrk_Content = 0
i = 13
j = 4
bnTrk_Content = 0.160299
i = 13
j = 5
bnTrk_Content = 0
i = 13
j = 6
bnTrk_Content = 0.0829483
i = 13
j = 7
bnTrk_Content = 0.163098
i = 13
j = 8
bnTrk_Content = 0.082777
i = 13
j = 9
bnTrk_Content = 0.451626
i = 13
j = 10
bnTrk_Content = 0.0801496
i = 13
j = 11
bnTrk_Content = 0.0027987
i = 13
j = 12
bnTrk_Content = 0.400748
i = 13
j = 13
bnTrk_Content = 0.0801496
i = 13
j = 14
bnTrk_Content = 0.0801496
i = 13
j = 15
bnTrk_Content = 0.0027987
i = 13
j = 16
bnTrk_Content = 0.0027987
i = 13
j = 17
bnTrk_Content = 0.160299
i = 13
j = 18
bnTrk_Content = 0.442355
i = 13
j = 19
bnTrk_Content = 0.160299
i = 13
j = 20
bnTrk_Content = 0.085747
i = 13
j = 21
bnTrk_Content = 0.165897
i = 13
j = 22
bnTrk_Content = 0.0801496
i = 13
j = 23
bnTrk_Content = 0.160299
i = 13
j = 24
bnTrk_Content = 0.00542617
i = 13
j = 25
bnTrk_Content = 0.0829483
i = 13
j = 26
bnTrk_Content = 0.320598
i = 13
j = 27
bnTrk_Content = 0.0829483
i = 13
j = 28
bnTrk_Content = 0
i = 13
j = 29
bnTrk_Content = 0
i = 13
j = 30
bnTrk_Content = 0
i = 14
j = 1
bnTrk_Content = 0
i = 14
j = 2
bnTrk_Content = 0
i = 14
j = 3
bnTrk_Content = 0
i = 14
j = 4
bnTrk_Content = 0
i = 14
j = 5
bnTrk_Content = 0.0829483
i = 14
j = 6
bnTrk_Content = 0.0027987
i = 14
j = 7
bnTrk_Content = 0.0801496
i = 14
j = 8
bnTrk_Content = 0.320598
i = 14
j = 9
bnTrk_Content = 0.0801496
i = 14
j = 10
bnTrk_Content = 0.160299
i = 14
j = 11
bnTrk_Content = 0
i = 14
j = 12
bnTrk_Content = 0
i = 14
j = 13
bnTrk_Content = 0.0801496
i = 14
j = 14
bnTrk_Content = 0
i = 14
j = 15
bnTrk_Content = 0.0801496
i = 14
j = 16
bnTrk_Content = 0.0801496
i = 14
j = 17
bnTrk_Content = 0
i = 14
j = 18
bnTrk_Content = 0.160299
i = 14
j = 19
bnTrk_Content = 0.0801496
i = 14
j = 20
bnTrk_Content = 0
i = 14
j = 21
bnTrk_Content = 0
i = 14
j = 22
bnTrk_Content = 0
i = 14
j = 23
bnTrk_Content = 0.0801496
i = 14
j = 24
bnTrk_Content = 0.0801496
i = 14
j = 25
bnTrk_Content = 0.160299
i = 14
j = 26
bnTrk_Content = 0
i = 14
j = 27
bnTrk_Content = 0.0801496
i = 14
j = 28
bnTrk_Content = 0
i = 14
j = 29
bnTrk_Content = 0
i = 14
j = 30
bnTrk_Content = 0
i = 15
j = 1
bnTrk_Content = 0
i = 15
j = 2
bnTrk_Content = 0
i = 15
j = 3
bnTrk_Content = 0
i = 15
j = 4
bnTrk_Content = 0.0801496
i = 15
j = 5
bnTrk_Content = 0
i = 15
j = 6
bnTrk_Content = 0.0829483
i = 15
j = 7
bnTrk_Content = 0.160299
i = 15
j = 8
bnTrk_Content = 0.0829483
i = 15
j = 9
bnTrk_Content = 0
i = 15
j = 10
bnTrk_Content = 0.0801496
i = 15
j = 11
bnTrk_Content = 0
i = 15
j = 12
bnTrk_Content = 0.0801496
i = 15
j = 13
bnTrk_Content = 0.152074
i = 15
j = 14
bnTrk_Content = 0.00822487
i = 15
j = 15
bnTrk_Content = 0
i = 15
j = 16
bnTrk_Content = -0.0027987
i = 15
j = 17
bnTrk_Content = 0
i = 15
j = 18
bnTrk_Content = 0.00542617
i = 15
j = 19
bnTrk_Content = 0
i = 15
j = 20
bnTrk_Content = 0.0829483
i = 15
j = 21
bnTrk_Content = 0
i = 15
j = 22
bnTrk_Content = 0
i = 15
j = 23
bnTrk_Content = 0
i = 15
j = 24
bnTrk_Content = 0.160299
i = 15
j = 25
bnTrk_Content = 0
i = 15
j = 26
bnTrk_Content = 0.163098
i = 15
j = 27
bnTrk_Content = 0.0801496
i = 15
j = 28
bnTrk_Content = 0
i = 15
j = 29
bnTrk_Content = 0
i = 15
j = 30
bnTrk_Content = 0
i = 16
j = 1
bnTrk_Content = 0
i = 16
j = 2
bnTrk_Content = 0
i = 16
j = 3
bnTrk_Content = 0
i = 16
j = 4
bnTrk_Content = 0
i = 16
j = 5
bnTrk_Content = 0.0801496
i = 16
j = 6
bnTrk_Content = 0.0027987
i = 16
j = 7
bnTrk_Content = 0
i = 16
j = 8
bnTrk_Content = 0
i = 16
j = 9
bnTrk_Content = 0
i = 16
j = 10
bnTrk_Content = 0
i = 16
j = 11
bnTrk_Content = 0
i = 16
j = 12
bnTrk_Content = 0
i = 16
j = 13
bnTrk_Content = 0
i = 16
j = 14
bnTrk_Content = 0.0027987
i = 16
j = 15
bnTrk_Content = 0.0027987
i = 16
j = 16
bnTrk_Content = 0
i = 16
j = 17
bnTrk_Content = 0
i = 16
j = 18
bnTrk_Content = 0.0801496
i = 16
j = 19
bnTrk_Content = 0
i = 16
j = 20
bnTrk_Content = 0
i = 16
j = 21
bnTrk_Content = 0
i = 16
j = 22
bnTrk_Content = -0.0027987
i = 16
j = 23
bnTrk_Content = 0
i = 16
j = 24
bnTrk_Content = 0.0801496
i = 16
j = 25
bnTrk_Content = 0.0801496
i = 16
j = 26
bnTrk_Content = 0
i = 16
j = 27
bnTrk_Content = 0
i = 16
j = 28
bnTrk_Content = 0
i = 16
j = 29
bnTrk_Content = 0
i = 16
j = 30
bnTrk_Content = 0
i = 17
j = 1
bnTrk_Content = 0
i = 17
j = 2
bnTrk_Content = 0
i = 17
j = 3
bnTrk_Content = 0
i = 17
j = 4
bnTrk_Content = 0
i = 17
j = 5
bnTrk_Content = 0
i = 17
j = 6
bnTrk_Content = 0.00542617
i = 17
j = 7
bnTrk_Content = 0
i = 17
j = 8
bnTrk_Content = 0
i = 17
j = 9
bnTrk_Content = 0
i = 17
j = 10
bnTrk_Content = 0
i = 17
j = 11
bnTrk_Content = 0
i = 17
j = 12
bnTrk_Content = 0.0801496
i = 17
j = 13
bnTrk_Content = 0
i = 17
j = 14
bnTrk_Content = 0
i = 17
j = 15
bnTrk_Content = 0
i = 17
j = 16
bnTrk_Content = 0
i = 17
j = 17
bnTrk_Content = 0
i = 17
j = 18
bnTrk_Content = 0
i = 17
j = 19
bnTrk_Content = 0
i = 17
j = 20
bnTrk_Content = 0
i = 17
j = 21
bnTrk_Content = 0
i = 17
j = 22
bnTrk_Content = 0
i = 17
j = 23
bnTrk_Content = 0
i = 17
j = 24
bnTrk_Content = 0.0801496
i = 17
j = 25
bnTrk_Content = 0
i = 17
j = 26
bnTrk_Content = 0
i = 17
j = 27
bnTrk_Content = 0
i = 17
j = 28
bnTrk_Content = 0
i = 17
j = 29
bnTrk_Content = 0
i = 17
j = 30
bnTrk_Content = 0
i = 18
j = 1
bnTrk_Content = 0
i = 18
j = 2
bnTrk_Content = 0
i = 18
j = 3
bnTrk_Content = 0
i = 18
j = 4
bnTrk_Content = 0
i = 18
j = 5
bnTrk_Content = 0
i = 18
j = 6
bnTrk_Content = 0
i = 18
j = 7
bnTrk_Content = 0
i = 18
j = 8
bnTrk_Content = 0
i = 18
j = 9
bnTrk_Content = 0
i = 18
j = 10
bnTrk_Content = 0
i = 18
j = 11
bnTrk_Content = 0
i = 18
j = 12
bnTrk_Content = 0
i = 18
j = 13
bnTrk_Content = 0
i = 18
j = 14
bnTrk_Content = 0
i = 18
j = 15
bnTrk_Content = 0
i = 18
j = 16
bnTrk_Content = 0
i = 18
j = 17
bnTrk_Content = 0
i = 18
j = 18
bnTrk_Content = 0
i = 18
j = 19
bnTrk_Content = 0
i = 18
j = 20
bnTrk_Content = 0
i = 18
j = 21
bnTrk_Content = 0
i = 18
j = 22
bnTrk_Content = 0
i = 18
j = 23
bnTrk_Content = 0
i = 18
j = 24
bnTrk_Content = 0.0801496
i = 18
j = 25
bnTrk_Content = 0
i = 18
j = 26
bnTrk_Content = 0
i = 18
j = 27
bnTrk_Content = 0
i = 18
j = 28
bnTrk_Content = 0
i = 18
j = 29
bnTrk_Content = 0
i = 18
j = 30
bnTrk_Content = 0
i = 19
j = 1
bnTrk_Content = 0
i = 19
j = 2
bnTrk_Content = 0
i = 19
j = 3
bnTrk_Content = 0
i = 19
j = 4
bnTrk_Content = 0
i = 19
j = 5
bnTrk_Content = 0
i = 19
j = 6
bnTrk_Content = 0
i = 19
j = 7
bnTrk_Content = 0.085747
i = 19
j = 8
bnTrk_Content = 0
i = 19
j = 9
bnTrk_Content = 0
i = 19
j = 10
bnTrk_Content = 0
i = 19
j = 11
bnTrk_Content = 0
i = 19
j = 12
bnTrk_Content = 0
i = 19
j = 13
bnTrk_Content = 0
i = 19
j = 14
bnTrk_Content = 0
i = 19
j = 15
bnTrk_Content = 0
i = 19
j = 16
bnTrk_Content = 0
i = 19
j = 17
bnTrk_Content = 0.0027987
i = 19
j = 18
bnTrk_Content = 0
i = 19
j = 19
bnTrk_Content = 0
i = 19
j = 20
bnTrk_Content = 0
i = 19
j = 21
bnTrk_Content = 0
i = 19
j = 22
bnTrk_Content = 0
i = 19
j = 23
bnTrk_Content = 0
i = 19
j = 24
bnTrk_Content = 0
i = 19
j = 25
bnTrk_Content = 0
i = 19
j = 26
bnTrk_Content = 0
i = 19
j = 27
bnTrk_Content = 0
i = 19
j = 28
bnTrk_Content = 0
i = 19
j = 29
bnTrk_Content = 0
i = 19
j = 30
bnTrk_Content = 0
i = 20
j = 1
bnTrk_Content = 0
i = 20
j = 2
bnTrk_Content = 0
i = 20
j = 3
bnTrk_Content = 0
i = 20
j = 4
bnTrk_Content = 0
i = 20
j = 5
bnTrk_Content = 0
i = 20
j = 6
bnTrk_Content = 0
i = 20
j = 7
bnTrk_Content = 0
i = 20
j = 8
bnTrk_Content = 0
i = 20
j = 9
bnTrk_Content = 0
i = 20
j = 10
bnTrk_Content = 0
i = 20
j = 11
bnTrk_Content = 0
i = 20
j = 12
bnTrk_Content = 0
i = 20
j = 13
bnTrk_Content = 0
i = 20
j = 14
bnTrk_Content = 0
i = 20
j = 15
bnTrk_Content = 0
i = 20
j = 16
bnTrk_Content = 0
i = 20
j = 17
bnTrk_Content = 0
i = 20
j = 18
bnTrk_Content = 0
i = 20
j = 19
bnTrk_Content = 0
i = 20
j = 20
bnTrk_Content = 0
i = 20
j = 21
bnTrk_Content = 0
i = 20
j = 22
bnTrk_Content = 0
i = 20
j = 23
bnTrk_Content = 0
i = 20
j = 24
bnTrk_Content = 0
i = 20
j = 25
bnTrk_Content = 0
i = 20
j = 26
bnTrk_Content = 0
i = 20
j = 27
bnTrk_Content = 0
i = 20
j = 28
bnTrk_Content = 0
i = 20
j = 29
bnTrk_Content = 0
i = 20
j = 30
bnTrk_Content = 0
i = 21
j = 1
bnTrk_Content = 0
i = 21
j = 2
bnTrk_Content = 0
i = 21
j = 3
bnTrk_Content = 0
i = 21
j = 4
bnTrk_Content = 0
i = 21
j = 5
bnTrk_Content = 0
i = 21
j = 6
bnTrk_Content = 0
i = 21
j = 7
bnTrk_Content = 0
i = 21
j = 8
bnTrk_Content = 0
i = 21
j = 9
bnTrk_Content = 0
i = 21
j = 10
bnTrk_Content = 0
i = 21
j = 11
bnTrk_Content = 0
i = 21
j = 12
bnTrk_Content = 0
i = 21
j = 13
bnTrk_Content = 0
i = 21
j = 14
bnTrk_Content = 0
i = 21
j = 15
bnTrk_Content = 0
i = 21
j = 16
bnTrk_Content = 0
i = 21
j = 17
bnTrk_Content = 0.0027987
i = 21
j = 18
bnTrk_Content = 0
i = 21
j = 19
bnTrk_Content = 0
i = 21
j = 20
bnTrk_Content = 0
i = 21
j = 21
bnTrk_Content = 0
i = 21
j = 22
bnTrk_Content = 0
i = 21
j = 23
bnTrk_Content = 0
i = 21
j = 24
bnTrk_Content = 0
i = 21
j = 25
bnTrk_Content = 0
i = 21
j = 26
bnTrk_Content = 0
i = 21
j = 27
bnTrk_Content = 0
i = 21
j = 28
bnTrk_Content = 0
i = 21
j = 29
bnTrk_Content = 0
i = 21
j = 30
bnTrk_Content = 0
i = 22
j = 1
bnTrk_Content = 0
i = 22
j = 2
bnTrk_Content = 0
i = 22
j = 3
bnTrk_Content = 0
i = 22
j = 4
bnTrk_Content = 0
i = 22
j = 5
bnTrk_Content = 0
i = 22
j = 6
bnTrk_Content = 0
i = 22
j = 7
bnTrk_Content = 0
i = 22
j = 8
bnTrk_Content = 0
i = 22
j = 9
bnTrk_Content = 0
i = 22
j = 10
bnTrk_Content = 0
i = 22
j = 11
bnTrk_Content = 0
i = 22
j = 12
bnTrk_Content = 0
i = 22
j = 13
bnTrk_Content = 0
i = 22
j = 14
bnTrk_Content = 0
i = 22
j = 15
bnTrk_Content = 0
i = 22
j = 16
bnTrk_Content = 0
i = 22
j = 17
bnTrk_Content = 0
i = 22
j = 18
bnTrk_Content = 0
i = 22
j = 19
bnTrk_Content = 0
i = 22
j = 20
bnTrk_Content = 0
i = 22
j = 21
bnTrk_Content = 0
i = 22
j = 22
bnTrk_Content = 0
i = 22
j = 23
bnTrk_Content = 0
i = 22
j = 24
bnTrk_Content = 0
i = 22
j = 25
bnTrk_Content = 0
i = 22
j = 26
bnTrk_Content = 0
i = 22
j = 27
bnTrk_Content = 0
i = 22
j = 28
bnTrk_Content = 0
i = 22
j = 29
bnTrk_Content = 0
i = 22
j = 30
bnTrk_Content = 0
i = 23
j = 1
bnTrk_Content = 0
i = 23
j = 2
bnTrk_Content = 0
i = 23
j = 3
bnTrk_Content = 0
i = 23
j = 4
bnTrk_Content = 0
i = 23
j = 5
bnTrk_Content = 0
i = 23
j = 6
bnTrk_Content = 0
i = 23
j = 7
bnTrk_Content = 0
i = 23
j = 8
bnTrk_Content = 0
i = 23
j = 9
bnTrk_Content = 0
i = 23
j = 10
bnTrk_Content = 0
i = 23
j = 11
bnTrk_Content = 0
i = 23
j = 12
bnTrk_Content = 0
i = 23
j = 13
bnTrk_Content = 0
i = 23
j = 14
bnTrk_Content = 0
i = 23
j = 15
bnTrk_Content = 0
i = 23
j = 16
bnTrk_Content = 0
i = 23
j = 17
bnTrk_Content = 0
i = 23
j = 18
bnTrk_Content = 0
i = 23
j = 19
bnTrk_Content = 0
i = 23
j = 20
bnTrk_Content = 0
i = 23
j = 21
bnTrk_Content = 0
i = 23
j = 22
bnTrk_Content = 0
i = 23
j = 23
bnTrk_Content = 0
i = 23
j = 24
bnTrk_Content = 0
i = 23
j = 25
bnTrk_Content = 0
i = 23
j = 26
bnTrk_Content = 0
i = 23
j = 27
bnTrk_Content = 0
i = 23
j = 28
bnTrk_Content = 0
i = 23
j = 29
bnTrk_Content = 0
i = 23
j = 30
bnTrk_Content = 0
i = 24
j = 1
bnTrk_Content = 0
i = 24
j = 2
bnTrk_Content = 0
i = 24
j = 3
bnTrk_Content = 0
i = 24
j = 4
bnTrk_Content = 0
i = 24
j = 5
bnTrk_Content = 0
i = 24
j = 6
bnTrk_Content = 0
i = 24
j = 7
bnTrk_Content = 0
i = 24
j = 8
bnTrk_Content = 0
i = 24
j = 9
bnTrk_Content = 0
i = 24
j = 10
bnTrk_Content = 0
i = 24
j = 11
bnTrk_Content = 0
i = 24
j = 12
bnTrk_Content = 0
i = 24
j = 13
bnTrk_Content = 0
i = 24
j = 14
bnTrk_Content = 0
i = 24
j = 15
bnTrk_Content = 0
i = 24
j = 16
bnTrk_Content = 0
i = 24
j = 17
bnTrk_Content = 0
i = 24
j = 18
bnTrk_Content = 0
i = 24
j = 19
bnTrk_Content = 0
i = 24
j = 20
bnTrk_Content = 0
i = 24
j = 21
bnTrk_Content = 0
i = 24
j = 22
bnTrk_Content = 0
i = 24
j = 23
bnTrk_Content = 0
i = 24
j = 24
bnTrk_Content = 0
i = 24
j = 25
bnTrk_Content = 0
i = 24
j = 26
bnTrk_Content = 0
i = 24
j = 27
bnTrk_Content = 0
i = 24
j = 28
bnTrk_Content = 0
i = 24
j = 29
bnTrk_Content = 0
i = 24
j = 30
bnTrk_Content = 0
i = 25
j = 1
bnTrk_Content = 0
i = 25
j = 2
bnTrk_Content = 0
i = 25
j = 3
bnTrk_Content = 0
i = 25
j = 4
bnTrk_Content = 0
i = 25
j = 5
bnTrk_Content = 0
i = 25
j = 6
bnTrk_Content = 0
i = 25
j = 7
bnTrk_Content = 0
i = 25
j = 8
bnTrk_Content = 0
i = 25
j = 9
bnTrk_Content = 0
i = 25
j = 10
bnTrk_Content = 0
i = 25
j = 11
bnTrk_Content = 0
i = 25
j = 12
bnTrk_Content = 0
i = 25
j = 13
bnTrk_Content = 0
i = 25
j = 14
bnTrk_Content = 0
i = 25
j = 15
bnTrk_Content = 0
i = 25
j = 16
bnTrk_Content = 0
i = 25
j = 17
bnTrk_Content = 0
i = 25
j = 18
bnTrk_Content = 0
i = 25
j = 19
bnTrk_Content = 0
i = 25
j = 20
bnTrk_Content = 0
i = 25
j = 21
bnTrk_Content = 0
i = 25
j = 22
bnTrk_Content = 0
i = 25
j = 23
bnTrk_Content = 0
i = 25
j = 24
bnTrk_Content = 0
i = 25
j = 25
bnTrk_Content = 0
i = 25
j = 26
bnTrk_Content = 0
i = 25
j = 27
bnTrk_Content = 0
i = 25
j = 28
bnTrk_Content = 0
i = 25
j = 29
bnTrk_Content = 0
i = 25
j = 30
bnTrk_Content = 0
i = 26
j = 1
bnTrk_Content = 0
i = 26
j = 2
bnTrk_Content = 0
i = 26
j = 3
bnTrk_Content = 0
i = 26
j = 4
bnTrk_Content = 0
i = 26
j = 5
bnTrk_Content = 0
i = 26
j = 6
bnTrk_Content = 0
i = 26
j = 7
bnTrk_Content = 0
i = 26
j = 8
bnTrk_Content = 0
i = 26
j = 9
bnTrk_Content = 0
i = 26
j = 10
bnTrk_Content = 0
i = 26
j = 11
bnTrk_Content = 0
i = 26
j = 12
bnTrk_Content = 0
i = 26
j = 13
bnTrk_Content = 0
i = 26
j = 14
bnTrk_Content = 0
i = 26
j = 15
bnTrk_Content = 0
i = 26
j = 16
bnTrk_Content = 0
i = 26
j = 17
bnTrk_Content = 0
i = 26
j = 18
bnTrk_Content = 0
i = 26
j = 19
bnTrk_Content = 0
i = 26
j = 20
bnTrk_Content = 0
i = 26
j = 21
bnTrk_Content = 0
i = 26
j = 22
bnTrk_Content = 0
i = 26
j = 23
bnTrk_Content = 0
i = 26
j = 24
bnTrk_Content = 0
i = 26
j = 25
bnTrk_Content = 0
i = 26
j = 26
bnTrk_Content = 0
i = 26
j = 27
bnTrk_Content = 0
i = 26
j = 28
bnTrk_Content = 0
i = 26
j = 29
bnTrk_Content = 0
i = 26
j = 30
bnTrk_Content = 0
i = 27
j = 1
bnTrk_Content = 0
i = 27
j = 2
bnTrk_Content = 0
i = 27
j = 3
bnTrk_Content = 0
i = 27
j = 4
bnTrk_Content = 0
i = 27
j = 5
bnTrk_Content = 0
i = 27
j = 6
bnTrk_Content = 0
i = 27
j = 7
bnTrk_Content = 0
i = 27
j = 8
bnTrk_Content = 0
i = 27
j = 9
bnTrk_Content = 0
i = 27
j = 10
bnTrk_Content = 0
i = 27
j = 11
bnTrk_Content = 0
i = 27
j = 12
bnTrk_Content = 0
i = 27
j = 13
bnTrk_Content = 0
i = 27
j = 14
bnTrk_Content = 0
i = 27
j = 15
bnTrk_Content = 0
i = 27
j = 16
bnTrk_Content = 0
i = 27
j = 17
bnTrk_Content = 0
i = 27
j = 18
bnTrk_Content = 0
i = 27
j = 19
bnTrk_Content = 0
i = 27
j = 20
bnTrk_Content = 0
i = 27
j = 21
bnTrk_Content = 0
i = 27
j = 22
bnTrk_Content = 0
i = 27
j = 23
bnTrk_Content = 0
i = 27
j = 24
bnTrk_Content = 0
i = 27
j = 25
bnTrk_Content = 0
i = 27
j = 26
bnTrk_Content = 0
i = 27
j = 27
bnTrk_Content = 0
i = 27
j = 28
bnTrk_Content = 0
i = 27
j = 29
bnTrk_Content = 0
i = 27
j = 30
bnTrk_Content = 0
i = 28
j = 1
bnTrk_Content = 0
i = 28
j = 2
bnTrk_Content = 0
i = 28
j = 3
bnTrk_Content = 0
i = 28
j = 4
bnTrk_Content = 0
i = 28
j = 5
bnTrk_Content = 0
i = 28
j = 6
bnTrk_Content = 0
i = 28
j = 7
bnTrk_Content = 0
i = 28
j = 8
bnTrk_Content = 0
i = 28
j = 9
bnTrk_Content = 0
i = 28
j = 10
bnTrk_Content = 0
i = 28
j = 11
bnTrk_Content = 0
i = 28
j = 12
bnTrk_Content = 0
i = 28
j = 13
bnTrk_Content = 0
i = 28
j = 14
bnTrk_Content = 0
i = 28
j = 15
bnTrk_Content = 0
i = 28
j = 16
bnTrk_Content = 0
i = 28
j = 17
bnTrk_Content = 0
i = 28
j = 18
bnTrk_Content = 0
i = 28
j = 19
bnTrk_Content = 0
i = 28
j = 20
bnTrk_Content = 0
i = 28
j = 21
bnTrk_Content = 0
i = 28
j = 22
bnTrk_Content = 0
i = 28
j = 23
bnTrk_Content = 0
i = 28
j = 24
bnTrk_Content = 0
i = 28
j = 25
bnTrk_Content = 0
i = 28
j = 26
bnTrk_Content = 0
i = 28
j = 27
bnTrk_Content = 0
i = 28
j = 28
bnTrk_Content = 0
i = 28
j = 29
bnTrk_Content = 0
i = 28
j = 30
bnTrk_Content = 0
i = 29
j = 1
bnTrk_Content = 0
i = 29
j = 2
bnTrk_Content = 0
i = 29
j = 3
bnTrk_Content = 0
i = 29
j = 4
bnTrk_Content = 0
i = 29
j = 5
bnTrk_Content = 0
i = 29
j = 6
bnTrk_Content = 0
i = 29
j = 7
bnTrk_Content = 0
i = 29
j = 8
bnTrk_Content = 0
i = 29
j = 9
bnTrk_Content = 0
i = 29
j = 10
bnTrk_Content = 0
i = 29
j = 11
bnTrk_Content = 0
i = 29
j = 12
bnTrk_Content = 0
i = 29
j = 13
bnTrk_Content = 0
i = 29
j = 14
bnTrk_Content = 0
i = 29
j = 15
bnTrk_Content = 0
i = 29
j = 16
bnTrk_Content = 0
i = 29
j = 17
bnTrk_Content = 0
i = 29
j = 18
bnTrk_Content = 0
i = 29
j = 19
bnTrk_Content = 0
i = 29
j = 20
bnTrk_Content = 0
i = 29
j = 21
bnTrk_Content = 0
i = 29
j = 22
bnTrk_Content = 0
i = 29
j = 23
bnTrk_Content = 0
i = 29
j = 24
bnTrk_Content = 0
i = 29
j = 25
bnTrk_Content = 0
i = 29
j = 26
bnTrk_Content = 0
i = 29
j = 27
bnTrk_Content = 0
i = 29
j = 28
bnTrk_Content = 0
i = 29
j = 29
bnTrk_Content = 0
i = 29
j = 30
bnTrk_Content = 0
i = 30
j = 1
bnTrk_Content = 0
i = 30
j = 2
bnTrk_Content = 0
i = 30
j = 3
bnTrk_Content = 0
i = 30
j = 4
bnTrk_Content = 0
i = 30
j = 5
bnTrk_Content = 0
i = 30
j = 6
bnTrk_Content = 0
i = 30
j = 7
bnTrk_Content = 0
i = 30
j = 8
bnTrk_Content = 0
i = 30
j = 9
bnTrk_Content = 0
i = 30
j = 10
bnTrk_Content = 0
i = 30
j = 11
bnTrk_Content = 0
i = 30
j = 12
bnTrk_Content = 0
i = 30
j = 13
bnTrk_Content = 0
i = 30
j = 14
bnTrk_Content = 0
i = 30
j = 15
bnTrk_Content = 0
i = 30
j = 16
bnTrk_Content = 0
i = 30
j = 17
bnTrk_Content = 0
i = 30
j = 18
bnTrk_Content = 0
i = 30
j = 19
bnTrk_Content = 0
i = 30
j = 20
bnTrk_Content = 0
i = 30
j = 21
bnTrk_Content = 0
i = 30
j = 22
bnTrk_Content = 0
i = 30
j = 23
bnTrk_Content = 0
i = 30
j = 24
bnTrk_Content = 0
i = 30
j = 25
bnTrk_Content = 0
i = 30
j = 26
bnTrk_Content = 0
i = 30
j = 27
bnTrk_Content = 0
i = 30
j = 28
bnTrk_Content = 0
i = 30
j = 29
bnTrk_Content = 0
i = 30
j = 30
bnTrk_Content = 0
